2026-05-02 17:55:21,541 - INFO - Extract started
2026-05-02 17:55:21,808 - INFO - Loaded 114000 rows
2026-05-02 17:55:21,808 - INFO - Transform started
2026-05-02 17:55:22,079 - INFO - Archived 1 null rows
2026-05-02 17:55:22,079 - INFO - Clear data: 113999 rows
2026-05-02 17:55:22,082 - INFO - Load started
2026-05-02 17:55:22,844 - INFO - Load complete
2026-05-02 18:10:10,942 - INFO - Extract started
2026-05-02 18:10:11,239 - INFO - Loaded 114000 rows
2026-05-02 18:10:11,239 - INFO - popularity: Ok (int64)
2026-05-02 18:10:11,239 - INFO - danceability: Ok (float64)
2026-05-02 18:10:11,239 - INFO - energy: Ok (float64)
2026-05-02 18:10:11,239 - INFO - tempo: Ok (float64)
2026-05-02 18:10:11,240 - INFO - Transform started
2026-05-02 18:10:11,522 - INFO - Archived 1 null rows
2026-05-02 18:10:11,522 - INFO - Clear data: 113999 rows
2026-05-02 18:10:11,525 - INFO - Load started
2026-05-02 18:10:12,276 - INFO - Load complete
2026-05-02 18:11:19,580 - INFO - Extract started
2026-05-02 18:11:19,859 - INFO - Loaded 114000 rows
2026-05-02 18:11:19,860 - INFO - popularity: Ok (int64)
2026-05-02 18:11:19,860 - INFO - danceability: Ok (float64)
2026-05-02 18:11:19,860 - INFO - energy: Ok (float64)
2026-05-02 18:11:19,860 - INFO - tempo: Ok (float64)
2026-05-02 18:11:19,860 - INFO - Transform started
2026-05-02 18:11:20,146 - INFO - Archived 1 null rows
2026-05-02 18:11:20,146 - INFO - Clear data: 113999 rows
2026-05-02 18:11:20,149 - INFO - Load started
2026-05-02 18:11:20,898 - INFO - Load complete
2026-05-02 18:13:34,209 - INFO - Extract started
2026-05-02 18:13:34,483 - INFO - Loaded 114000 rows
2026-05-02 18:13:34,483 - INFO - popularity: Ok (int64)
2026-05-02 18:13:34,483 - INFO - danceability: Ok (float64)
2026-05-02 18:13:34,483 - INFO - energy: Ok (float64)
2026-05-02 18:13:34,483 - INFO - tempo: Ok (float64)
2026-05-02 18:13:34,483 - INFO - Transform started
2026-05-02 18:13:34,767 - INFO - Archived 1 null rows
2026-05-02 18:13:34,767 - INFO - Clear data: 113999 rows
2026-05-02 18:13:34,770 - INFO - Load started
2026-05-02 18:13:35,508 - INFO - Load complete
2026-05-03 22:06:21,382 - INFO - Extract started
2026-05-03 22:06:21,674 - INFO - Loaded 114000 rows
2026-05-03 22:06:21,675 - INFO - popularity: Ok (int64)
2026-05-03 22:06:21,675 - INFO - danceability: Ok (float64)
2026-05-03 22:06:21,675 - INFO - energy: Ok (float64)
2026-05-03 22:06:21,675 - INFO - tempo: Ok (float64)
2026-05-03 22:06:21,675 - INFO - Transform started
2026-05-03 22:06:45,007 - INFO - Extract started
2026-05-03 22:06:45,274 - INFO - Loaded 114000 rows
2026-05-03 22:06:45,274 - INFO - popularity: Ok (int64)
2026-05-03 22:06:45,274 - INFO - danceability: Ok (float64)
2026-05-03 22:06:45,274 - INFO - energy: Ok (float64)
2026-05-03 22:06:45,274 - INFO - tempo: Ok (float64)
2026-05-03 22:06:45,274 - INFO - Transform started
2026-05-03 22:06:45,580 - INFO - Archived 1 null rows
2026-05-03 22:06:45,580 - INFO - Clear data: 113999 rows
2026-05-03 22:06:45,583 - INFO - Load started
2026-05-03 22:06:46,336 - INFO - Load complete
2026-05-03 22:17:37,576 - INFO - Extract started
2026-05-03 22:17:37,853 - INFO - Loaded 114000 rows
2026-05-03 22:17:37,853 - INFO - popularity: Ok (int64)
2026-05-03 22:17:37,853 - INFO - danceability: Ok (float64)
2026-05-03 22:17:37,853 - INFO - energy: Ok (float64)
2026-05-03 22:17:37,854 - INFO - tempo: Ok (float64)
2026-05-03 22:17:37,854 - INFO - Transform started
2026-05-03 22:17:37,898 - INFO - Merge started
2026-05-03 22:17:38,140 - INFO - Merge complete 108999 rows has no mood data
2026-05-03 22:17:38,140 - INFO - Archived 1 null rows
2026-05-03 22:17:38,141 - INFO - Clear data: 113999 rows
2026-05-03 22:17:38,143 - INFO - Load started
2026-05-03 22:17:38,911 - INFO - Load complete
